<?xml version="1.0" encoding="UTF-8"?>
<testng-results ignored="0" total="1" passed="1" failed="0" skipped="0">
  <reporter-output>
  </reporter-output>
  <suite started-at="2024-06-16T13:35:38 IST" name="Surefire suite" finished-at="2024-06-16T13:35:47 IST" duration-ms="9198">
    <groups>
    </groups>
    <test started-at="2024-06-16T13:35:38 IST" name="Surefire test" finished-at="2024-06-16T13:35:47 IST" duration-ms="9198">
      <class name="demopack.DemoTestjenkins_Test">
        <test-method signature="openBrwsr()[pri:0, instance:demopack.DemoTestjenkins_Test@21a947fe]" started-at="2024-06-16T13:35:38 IST" name="openBrwsr" finished-at="2024-06-16T13:35:47 IST" duration-ms="9147" status="PASS">
          <reporter-output>
          </reporter-output>
        </test-method> <!-- openBrwsr -->
      </class> <!-- demopack.DemoTestjenkins_Test -->
    </test> <!-- Surefire test -->
  </suite> <!-- Surefire suite -->
</testng-results>
