<?xml version="1.0" encoding="UTF-8"?>
<testng-results ignored="0" total="1" passed="1" failed="0" skipped="0">
  <reporter-output>
  </reporter-output>
  <suite started-at="2024-06-16T12:15:40 IST" name="Default suite" finished-at="2024-06-16T12:15:49 IST" duration-ms="9039">
    <groups>
    </groups>
    <test started-at="2024-06-16T12:15:40 IST" name="Default test" finished-at="2024-06-16T12:15:49 IST" duration-ms="9039">
      <class name="demopack.DemoTestjenkins_Test">
        <test-method signature="openBrwsr()[pri:0, instance:demopack.DemoTestjenkins_Test@cd3fee8]" started-at="2024-06-16T12:15:40 IST" name="openBrwsr" finished-at="2024-06-16T12:15:49 IST" duration-ms="8965" status="PASS">
          <reporter-output>
          </reporter-output>
        </test-method> <!-- openBrwsr -->
      </class> <!-- demopack.DemoTestjenkins_Test -->
    </test> <!-- Default test -->
  </suite> <!-- Default suite -->
</testng-results>
